<?xml version="1.0" encoding="UTF-8"?>
<!-- Generated by org.testng.reporters.JUnitReportReporter -->
<testsuite hostname="DESKTOP-PC8N6CN" failures="0" tests="1" name="Runner.Runner" time="13.766" errors="0" timestamp="2024-11-23T11:39:33 IST" skipped="0">
  <testcase classname="Runner.Runner" name="runScenario" time="13.766"/>
  <system-out/>
</testsuite> <!-- Runner.Runner -->
